{
  "RSpec": {
    "coverage": {
      "/Users/chrisdavidmerlino/Projects/Makers/week-8/acebook-inSANE/spec/features/home_page_spec.rb": {
        "lines": [
          1,
          null,
          1,
          1,
          1,
          1,
          1,
          null,
          null
        ]
      },
      "/Users/chrisdavidmerlino/Projects/Makers/week-8/acebook-inSANE/spec/rails_helper.rb": {
        "lines": [
          null,
          1,
          1,
          null,
          1,
          1,
          1,
          1,
          null,
          null,
          1,
          1,
          1,
          1,
          null,
          null,
          null,
          null,
          null,
          null,
          null,
          null,
          null,
          null,
          null,
          null,
          null,
          null,
          null,
          null,
          null,
          null,
          null,
          null,
          1,
          null,
          1,
          null,
          null,
          1,
          null,
          null,
          null,
          null,
          1,
          null,
          null,
          null,
          null,
          null,
          null,
          null,
          null,
          null,
          null,
          null,
          null,
          null,
          null,
          1,
          null,
          null,
          1,
          null,
          null,
          1,
          null,
          null,
          null,
          null,
          null,
          1
        ]
      },
      "/Users/chrisdavidmerlino/Projects/Makers/week-8/acebook-inSANE/config/environment.rb": {
        "lines": [
          null,
          1,
          null,
          null,
          1
        ]
      },
      "/Users/chrisdavidmerlino/Projects/Makers/week-8/acebook-inSANE/config/application.rb": {
        "lines": [
          1,
          null,
          1,
          null,
          null,
          null,
          1,
          null,
          1,
          1,
          null,
          1,
          null,
          null,
          null,
          null,
          null,
          null
        ]
      },
      "/Users/chrisdavidmerlino/Projects/Makers/week-8/acebook-inSANE/config/boot.rb": {
        "lines": [
          1,
          null,
          1
        ]
      },
      "/Users/chrisdavidmerlino/Projects/Makers/week-8/acebook-inSANE/config/environments/test.rb": {
        "lines": [
          1,
          null,
          null,
          null,
          null,
          null,
          null,
          1,
          null,
          null,
          null,
          null,
          1,
          null,
          null,
          1,
          1,
          null,
          null,
          null,
          null,
          1,
          1,
          null,
          null,
          1,
          null,
          null,
          1,
          1,
          null,
          null,
          null,
          null,
          1,
          null,
          null,
          1,
          null,
          null,
          null,
          null
        ]
      },
      "/Users/chrisdavidmerlino/Projects/Makers/week-8/acebook-inSANE/config/initializers/application_controller_renderer.rb": {
        "lines": [
          null,
          null,
          null,
          null,
          null,
          null
        ]
      },
      "/Users/chrisdavidmerlino/Projects/Makers/week-8/acebook-inSANE/config/initializers/assets.rb": {
        "lines": [
          null,
          null,
          null,
          1,
          null,
          null,
          null,
          null,
          1,
          null,
          null,
          null,
          null,
          null
        ]
      },
      "/Users/chrisdavidmerlino/Projects/Makers/week-8/acebook-inSANE/config/initializers/backtrace_silencers.rb": {
        "lines": [
          null,
          null,
          null,
          null,
          null,
          null,
          null
        ]
      },
      "/Users/chrisdavidmerlino/Projects/Makers/week-8/acebook-inSANE/config/initializers/cookies_serializer.rb": {
        "lines": [
          null,
          null,
          null,
          null,
          1
        ]
      },
      "/Users/chrisdavidmerlino/Projects/Makers/week-8/acebook-inSANE/config/initializers/filter_parameter_logging.rb": {
        "lines": [
          null,
          null,
          null,
          1
        ]
      },
      "/Users/chrisdavidmerlino/Projects/Makers/week-8/acebook-inSANE/config/initializers/inflections.rb": {
        "lines": [
          null,
          null,
          null,
          null,
          null,
          null,
          null,
          null,
          null,
          null,
          null,
          null,
          null,
          null,
          null,
          null
        ]
      },
      "/Users/chrisdavidmerlino/Projects/Makers/week-8/acebook-inSANE/config/initializers/mime_types.rb": {
        "lines": [
          null,
          null,
          null,
          null
        ]
      },
      "/Users/chrisdavidmerlino/Projects/Makers/week-8/acebook-inSANE/config/initializers/wrap_parameters.rb": {
        "lines": [
          null,
          null,
          null,
          null,
          null,
          null,
          1,
          2,
          null,
          null,
          null,
          null,
          null,
          null
        ]
      },
      "/Users/chrisdavidmerlino/Projects/Makers/week-8/acebook-inSANE/spec/factories/posts.rb": {
        "lines": [
          1,
          1,
          1,
          1,
          null,
          null
        ]
      },
      "/Users/chrisdavidmerlino/Projects/Makers/week-8/acebook-inSANE/spec/factories/users.rb": {
        "lines": [
          1,
          1,
          1,
          1,
          null,
          null
        ]
      },
      "/Users/chrisdavidmerlino/Projects/Makers/week-8/acebook-inSANE/config/routes.rb": {
        "lines": [
          1,
          null,
          1,
          1,
          null,
          1,
          1,
          1,
          null,
          null,
          1,
          1,
          null,
          1,
          null,
          null,
          null,
          1,
          null
        ]
      },
      "/Users/chrisdavidmerlino/Projects/Makers/week-8/acebook-inSANE/app/helpers/application_helper.rb": {
        "lines": [
          1,
          null
        ]
      },
      "/Users/chrisdavidmerlino/Projects/Makers/week-8/acebook-inSANE/app/helpers/sessions_helper.rb": {
        "lines": [
          1,
          null
        ]
      },
      "/Users/chrisdavidmerlino/Projects/Makers/week-8/acebook-inSANE/app/helpers/user_helper.rb": {
        "lines": [
          1,
          null
        ]
      },
      "/Users/chrisdavidmerlino/Projects/Makers/week-8/acebook-inSANE/app/helpers/welcome_helper.rb": {
        "lines": [
          1,
          null
        ]
      },
      "/Users/chrisdavidmerlino/Projects/Makers/week-8/acebook-inSANE/app/controllers/sessions_controller.rb": {
        "lines": [
          1,
          1,
          null,
          1,
          null,
          null,
          null,
          1,
          0,
          0,
          0,
          0,
          null,
          0,
          0,
          null,
          null,
          null,
          1,
          null,
          null,
          1,
          null,
          null,
          1,
          0,
          0,
          null,
          null,
          null,
          null
        ]
      },
      "/Users/chrisdavidmerlino/Projects/Makers/week-8/acebook-inSANE/app/controllers/application_controller.rb": {
        "lines": [
          1,
          1,
          null,
          1,
          1,
          1,
          null,
          1,
          1,
          null,
          null,
          1,
          1,
          null,
          null,
          1,
          0,
          null,
          null
        ]
      },
      "/Users/chrisdavidmerlino/Projects/Makers/week-8/acebook-inSANE/app/models/user.rb": {
        "lines": [
          1,
          1,
          null,
          null,
          1,
          1,
          1,
          null,
          null,
          null,
          null,
          1,
          null,
          null,
          null,
          null
        ]
      },
      "/Users/chrisdavidmerlino/Projects/Makers/week-8/acebook-inSANE/app/models/application_record.rb": {
        "lines": [
          1,
          1,
          null
        ]
      }
    },
    "timestamp": 1582025330
  }
}
